mode: set
github.com/arshabbir/bankapp/dao/dbclient.go:35.42,40.16 3 1
github.com/arshabbir/bankapp/dao/dbclient.go:44.2,48.16 3 1
github.com/arshabbir/bankapp/dao/dbclient.go:52.2,56.16 3 1
github.com/arshabbir/bankapp/dao/dbclient.go:60.2,62.12 2 1
github.com/arshabbir/bankapp/dao/dbclient.go:40.16,42.3 1 0
github.com/arshabbir/bankapp/dao/dbclient.go:48.16,50.3 1 0
github.com/arshabbir/bankapp/dao/dbclient.go:56.16,58.3 1 0
github.com/arshabbir/bankapp/dao/dbclient.go:65.41,67.9 2 1
github.com/arshabbir/bankapp/dao/dbclient.go:70.2,70.13 1 1
github.com/arshabbir/bankapp/dao/dbclient.go:67.9,69.3 1 0
github.com/arshabbir/bankapp/dao/dbclient.go:72.94,78.16 3 1
github.com/arshabbir/bankapp/dao/dbclient.go:84.2,85.16 2 1
github.com/arshabbir/bankapp/dao/dbclient.go:91.2,92.46 2 1
github.com/arshabbir/bankapp/dao/dbclient.go:96.2,97.26 2 1
github.com/arshabbir/bankapp/dao/dbclient.go:78.16,81.3 2 0
github.com/arshabbir/bankapp/dao/dbclient.go:85.16,88.3 2 0
github.com/arshabbir/bankapp/dao/dbclient.go:92.46,95.3 2 0
github.com/arshabbir/bankapp/dao/dbclient.go:100.70,107.16 4 1
github.com/arshabbir/bankapp/dao/dbclient.go:111.2,111.16 1 1
github.com/arshabbir/bankapp/dao/dbclient.go:107.16,109.3 1 0
github.com/arshabbir/bankapp/dao/dbclient.go:114.78,115.23 1 1
github.com/arshabbir/bankapp/dao/dbclient.go:118.2,119.17 2 1
github.com/arshabbir/bankapp/dao/dbclient.go:124.2,128.16 4 1
github.com/arshabbir/bankapp/dao/dbclient.go:131.2,132.23 2 1
github.com/arshabbir/bankapp/dao/dbclient.go:136.2,136.18 1 1
github.com/arshabbir/bankapp/dao/dbclient.go:143.2,145.18 2 1
github.com/arshabbir/bankapp/dao/dbclient.go:115.23,117.3 1 1
github.com/arshabbir/bankapp/dao/dbclient.go:119.17,121.3 1 0
github.com/arshabbir/bankapp/dao/dbclient.go:128.16,130.3 1 0
github.com/arshabbir/bankapp/dao/dbclient.go:132.23,134.3 1 0
github.com/arshabbir/bankapp/dao/dbclient.go:136.18,138.17 2 1
github.com/arshabbir/bankapp/dao/dbclient.go:138.17,141.4 2 0
github.com/arshabbir/bankapp/dao/dbclient.go:149.85,154.16 3 1
github.com/arshabbir/bankapp/dao/dbclient.go:159.2,160.16 2 1
github.com/arshabbir/bankapp/dao/dbclient.go:166.2,167.16 2 1
github.com/arshabbir/bankapp/dao/dbclient.go:171.2,174.12 3 1
github.com/arshabbir/bankapp/dao/dbclient.go:154.16,156.3 1 0
github.com/arshabbir/bankapp/dao/dbclient.go:160.16,163.3 2 0
github.com/arshabbir/bankapp/dao/dbclient.go:167.16,170.3 2 0
